This is pdfTeX, Version 3.141592653-2.6-1.40.23 (MiKTeX 21.8) (preloaded format=pdflatex 2021.8.27)  10 JAN 2022 18:45
entering extended mode
**./calgary_cover_cv.tex
(calgary_cover_cv.tex
LaTeX2e <2021-06-01> patch level 1
L3 programming layer <2021-07-12>
(C:\Users\orcha\AppData\Local\Programs\MiKTeX 2.9\tex/latex/base\article.cls
Document Class: article 2021/02/12 v1.4n Standard LaTeX document class
(C:\Users\orcha\AppData\Local\Programs\MiKTeX 2.9\tex/latex/base\size11.clo
File: size11.clo 2021/02/12 v1.4n Standard LaTeX file (size option)
)
\c@part=\count182
\c@section=\count183
\c@subsection=\count184
\c@subsubsection=\count185
\c@paragraph=\count186
\c@subparagraph=\count187
\c@figure=\count188
\c@table=\count189
\abovecaptionskip=\skip47
\belowcaptionskip=\skip48
\bibindent=\dimen138
)
(C:\Users\orcha\AppData\Local\Programs\MiKTeX 2.9\tex/latex/hyperref\hyperref.s
ty
Package: hyperref 2021-06-07 v7.00m Hypertext links for LaTeX

(C:\Users\orcha\AppData\Local\Programs\MiKTeX 2.9\tex/generic/ltxcmds\ltxcmds.s
ty
Package: ltxcmds 2020-05-10 v1.25 LaTeX kernel commands for general use (HO)
)
(C:\Users\orcha\AppData\Local\Programs\MiKTeX 2.9\tex/generic/iftex\iftex.sty
Package: iftex 2020/03/06 v1.0d TeX engine tests
)
(C:\Users\orcha\AppData\Local\Programs\MiKTeX 2.9\tex/generic/pdftexcmds\pdftex
cmds.sty
Package: pdftexcmds 2020-06-27 v0.33 Utility functions of pdfTeX for LuaTeX (HO
)

(C:\Users\orcha\AppData\Local\Programs\MiKTeX 2.9\tex/generic/infwarerr\infware
rr.sty
Package: infwarerr 2019/12/03 v1.5 Providing info/warning/error messages (HO)
)
Package pdftexcmds Info: \pdf@primitive is available.
Package pdftexcmds Info: \pdf@ifprimitive is available.
Package pdftexcmds Info: \pdfdraftmode found.
)
(C:\Users\orcha\AppData\Local\Programs\MiKTeX 2.9\tex/latex/graphics\keyval.sty
Package: keyval 2014/10/28 v1.15 key=value parser (DPC)
\KV@toks@=\toks16
)
(C:\Users\orcha\AppData\Local\Programs\MiKTeX 2.9\tex/generic/kvsetkeys\kvsetke
ys.sty
Package: kvsetkeys 2019/12/15 v1.18 Key value parser (HO)
)
(C:\Users\orcha\AppData\Local\Programs\MiKTeX 2.9\tex/generic/kvdefinekeys\kvde
finekeys.sty
Package: kvdefinekeys 2019-12-19 v1.6 Define keys (HO)
)
(C:\Users\orcha\AppData\Local\Programs\MiKTeX 2.9\tex/generic/pdfescape\pdfesca
pe.sty
Package: pdfescape 2019/12/09 v1.15 Implements pdfTeX's escape features (HO)
)
(C:\Users\orcha\AppData\Local\Programs\MiKTeX 2.9\tex/latex/hycolor\hycolor.sty
Package: hycolor 2020-01-27 v1.10 Color options for hyperref/bookmark (HO)
)
(C:\Users\orcha\AppData\Local\Programs\MiKTeX 2.9\tex/latex/letltxmacro\letltxm
acro.sty
Package: letltxmacro 2019/12/03 v1.6 Let assignment for LaTeX macros (HO)
)
(C:\Users\orcha\AppData\Local\Programs\MiKTeX 2.9\tex/latex/auxhook\auxhook.sty
Package: auxhook 2019-12-17 v1.6 Hooks for auxiliary files (HO)
)
(C:\Users\orcha\AppData\Local\Programs\MiKTeX 2.9\tex/latex/kvoptions\kvoptions
.sty
Package: kvoptions 2020-10-07 v3.14 Key value format for package options (HO)
)
\@linkdim=\dimen139
\Hy@linkcounter=\count190
\Hy@pagecounter=\count191

(C:\Users\orcha\AppData\Local\Programs\MiKTeX 2.9\tex/latex/hyperref\pd1enc.def
File: pd1enc.def 2021-06-07 v7.00m Hyperref: PDFDocEncoding definition (HO)
Now handling font encoding PD1 ...
... no UTF-8 mapping file for font encoding PD1
)
(C:\Users\orcha\AppData\Local\Programs\MiKTeX 2.9\tex/latex/hyperref\hyperref-l
angpatches.def
File: hyperref-langpatches.def 2021-06-07 v7.00m Hyperref: patches for babel la
nguages
)
(C:\Users\orcha\AppData\Local\Programs\MiKTeX 2.9\tex/generic/intcalc\intcalc.s
ty
Package: intcalc 2019/12/15 v1.3 Expandable calculations with integers (HO)
)
(C:\Users\orcha\AppData\Local\Programs\MiKTeX 2.9\tex/generic/etexcmds\etexcmds
.sty
Package: etexcmds 2019/12/15 v1.7 Avoid name clashes with e-TeX commands (HO)
)
\Hy@SavedSpaceFactor=\count192

(C:\Users\orcha\AppData\Local\Programs\MiKTeX 2.9\tex/latex/hyperref\puenc.def
File: puenc.def 2021-06-07 v7.00m Hyperref: PDF Unicode definition (HO)
Now handling font encoding PU ...
... no UTF-8 mapping file for font encoding PU
)
Package hyperref Info: Hyper figures OFF on input line 4192.
Package hyperref Info: Link nesting OFF on input line 4197.
Package hyperref Info: Hyper index ON on input line 4200.
Package hyperref Info: Plain pages OFF on input line 4207.
Package hyperref Info: Backreferencing OFF on input line 4212.
Package hyperref Info: Implicit mode ON; LaTeX internals redefined.
Package hyperref Info: Bookmarks ON on input line 4445.
\c@Hy@tempcnt=\count193
(C:\Users\orcha\AppData\Local\Programs\MiKTeX 2.9\tex/latex/url\url.sty
\Urlmuskip=\muskip16
Package: url 2013/09/16  ver 3.4  Verb mode for urls, etc.
)
LaTeX Info: Redefining \url on input line 4804.
\XeTeXLinkMargin=\dimen140

(C:\Users\orcha\AppData\Local\Programs\MiKTeX 2.9\tex/generic/bitset\bitset.sty
Package: bitset 2019/12/09 v1.3 Handle bit-vector datatype (HO)

(C:\Users\orcha\AppData\Local\Programs\MiKTeX 2.9\tex/generic/bigintcalc\bigint
calc.sty
Package: bigintcalc 2019/12/15 v1.5 Expandable calculations on big integers (HO
)
))
\Fld@menulength=\count194
\Field@Width=\dimen141
\Fld@charsize=\dimen142
Package hyperref Info: Hyper figures OFF on input line 6076.
Package hyperref Info: Link nesting OFF on input line 6081.
Package hyperref Info: Hyper index ON on input line 6084.
Package hyperref Info: backreferencing OFF on input line 6091.
Package hyperref Info: Link coloring OFF on input line 6096.
Package hyperref Info: Link coloring with OCG OFF on input line 6101.
Package hyperref Info: PDF/A mode OFF on input line 6106.
LaTeX Info: Redefining \ref on input line 6146.
LaTeX Info: Redefining \pageref on input line 6150.

(C:\Users\orcha\AppData\Local\Programs\MiKTeX 2.9\tex/latex/base\atbegshi-ltx.s
ty
Package: atbegshi-ltx 2021/01/10 v1.0c Emulation of the original atbegshi
package with kernel methods
)
\Hy@abspage=\count195
\c@Item=\count196
\c@Hfootnote=\count197
)
Package hyperref Info: Driver (autodetected): hpdftex.

(C:\Users\orcha\AppData\Local\Programs\MiKTeX 2.9\tex/latex/hyperref\hpdftex.de
f
File: hpdftex.def 2021-06-07 v7.00m Hyperref driver for pdfTeX

(C:\Users\orcha\AppData\Local\Programs\MiKTeX 2.9\tex/latex/base\atveryend-ltx.
sty
Package: atveryend-ltx 2020/08/19 v1.0a Emulation of the original atvery packag
e
with kernel methods
)
\Fld@listcount=\count198
\c@bookmark@seq@number=\count199

(C:\Users\orcha\AppData\Local\Programs\MiKTeX 2.9\tex/latex/rerunfilecheck\reru
nfilecheck.sty
Package: rerunfilecheck 2019/12/05 v1.9 Rerun checks for auxiliary files (HO)

(C:\Users\orcha\AppData\Local\Programs\MiKTeX 2.9\tex/generic/uniquecounter\uni
quecounter.sty
Package: uniquecounter 2019/12/15 v1.4 Provide unlimited unique counter (HO)
)
Package uniquecounter Info: New unique counter `rerunfilecheck' on input line 2
86.
)
\Hy@SectionHShift=\skip49
)
(C:\Users\orcha\AppData\Local\Programs\MiKTeX 2.9\tex/latex/geometry\geometry.s
ty
Package: geometry 2020/01/02 v5.9 Page Geometry

(C:\Users\orcha\AppData\Local\Programs\MiKTeX 2.9\tex/generic/iftex\ifvtex.sty
Package: ifvtex 2019/10/25 v1.7 ifvtex legacy package. Use iftex instead.
)
\Gm@cnth=\count266
\Gm@cntv=\count267
\c@Gm@tempcnt=\count268
\Gm@bindingoffset=\dimen143
\Gm@wd@mp=\dimen144
\Gm@odd@mp=\dimen145
\Gm@even@mp=\dimen146
\Gm@layoutwidth=\dimen147
\Gm@layoutheight=\dimen148
\Gm@layouthoffset=\dimen149
\Gm@layoutvoffset=\dimen150
\Gm@dimlist=\toks17

(C:\Users\orcha\AppData\Local\Programs\MiKTeX 2.9\tex/latex/geometry\geometry.c
fg))
(C:\Users\orcha\AppData\Local\Programs\MiKTeX 2.9\tex/latex/tools\tabularx.sty
Package: tabularx 2020/01/15 v2.11c `tabularx' package (DPC)

(C:\Users\orcha\AppData\Local\Programs\MiKTeX 2.9\tex/latex/tools\array.sty
Package: array 2021/04/20 v2.5e Tabular extension package (FMi)
\col@sep=\dimen151
\ar@mcellbox=\box50
\extrarowheight=\dimen152
\NC@list=\toks18
\extratabsurround=\skip50
\backup@length=\skip51
\ar@cellbox=\box51
)
\TX@col@width=\dimen153
\TX@old@table=\dimen154
\TX@old@col=\dimen155
\TX@target=\dimen156
\TX@delta=\dimen157
\TX@cols=\count269
\TX@ftn=\toks19
)
(C:\Users\orcha\AppData\Local\Programs\MiKTeX 2.9\tex/latex/pdfpages\pdfpages.s
ty
Package: pdfpages 2021/03/06 v0.5t Insert pages of external PDF documents (AM)
 (C:\Users\orcha\AppData\Local\Programs\MiKTeX 2.9\tex/latex/base\ifthen.sty
Package: ifthen 2020/11/24 v1.1c Standard LaTeX ifthen package (DPC)
) (C:\Users\orcha\AppData\Local\Programs\MiKTeX 2.9\tex/latex/tools\calc.sty
Package: calc 2017/05/25 v4.3 Infix arithmetic (KKT,FJ)
\calc@Acount=\count270
\calc@Bcount=\count271
\calc@Adimen=\dimen158
\calc@Bdimen=\dimen159
\calc@Askip=\skip52
\calc@Bskip=\skip53
LaTeX Info: Redefining \setlength on input line 80.
LaTeX Info: Redefining \addtolength on input line 81.
\calc@Ccount=\count272
\calc@Cskip=\skip54
)
(C:\Users\orcha\AppData\Local\Programs\MiKTeX 2.9\tex/latex/eso-pic\eso-pic.sty
Package: eso-pic 2020/10/14 v3.0a eso-pic (RN)
\ESO@tempdima=\dimen160
\ESO@tempdimb=\dimen161
(C:\Users\orcha\AppData\Local\Programs\MiKTeX 2.9\tex/latex/xcolor\xcolor.sty
Package: xcolor 2016/05/11 v2.12 LaTeX color extensions (UK)

(C:\Users\orcha\AppData\Local\Programs\MiKTeX 2.9\tex/latex/graphics-cfg\color.
cfg
File: color.cfg 2016/01/02 v1.6 sample color configuration
)
Package xcolor Info: Driver file: pdftex.def on input line 225.

(C:\Users\orcha\AppData\Local\Programs\MiKTeX 2.9\tex/latex/graphics-def\pdftex
.def
File: pdftex.def 2020/10/05 v1.2a Graphics/color driver for pdftex
)
Package xcolor Info: Model `cmy' substituted by `cmy0' on input line 1348.
Package xcolor Info: Model `hsb' substituted by `rgb' on input line 1352.
Package xcolor Info: Model `RGB' extended on input line 1364.
Package xcolor Info: Model `HTML' substituted by `rgb' on input line 1366.
Package xcolor Info: Model `Hsb' substituted by `hsb' on input line 1367.
Package xcolor Info: Model `tHsb' substituted by `hsb' on input line 1368.
Package xcolor Info: Model `HSB' substituted by `hsb' on input line 1369.
Package xcolor Info: Model `Gray' substituted by `gray' on input line 1370.
Package xcolor Info: Model `wave' substituted by `hsb' on input line 1371.
))
(C:\Users\orcha\AppData\Local\Programs\MiKTeX 2.9\tex/latex/graphics\graphicx.s
ty
Package: graphicx 2020/12/05 v1.2c Enhanced LaTeX Graphics (DPC,SPQR)

(C:\Users\orcha\AppData\Local\Programs\MiKTeX 2.9\tex/latex/graphics\graphics.s
ty
Package: graphics 2021/03/04 v1.4d Standard LaTeX Graphics (DPC,SPQR)

(C:\Users\orcha\AppData\Local\Programs\MiKTeX 2.9\tex/latex/graphics\trig.sty
Package: trig 2016/01/03 v1.10 sin cos tan (DPC)
)
(C:\Users\orcha\AppData\Local\Programs\MiKTeX 2.9\tex/latex/graphics-cfg\graphi
cs.cfg
File: graphics.cfg 2016/06/04 v1.11 sample graphics configuration
)
Package graphics Info: Driver file: pdftex.def on input line 107.
)
\Gin@req@height=\dimen162
\Gin@req@width=\dimen163
)
\AM@pagewidth=\dimen164
\AM@pageheight=\dimen165
\AM@fboxrule=\dimen166

(C:\Users\orcha\AppData\Local\Programs\MiKTeX 2.9\tex/latex/pdfpages\pppdftex.d
ef
File: pppdftex.def 2021/03/06 v0.5t Pdfpages driver for pdfTeX (AM)
)
\pdfpages@includegraphics@status=\count273
\AM@pagebox=\box52
\AM@global@opts=\toks20
\AM@pagecnt=\count274
\AM@toc@title=\toks21
\c@AM@survey=\count275
\AM@templatesizebox=\box53
)
(C:\Users\orcha\AppData\Local\Programs\MiKTeX 2.9\tex/latex/base\fontenc.sty
Package: fontenc 2021/04/29 v2.0v Standard LaTeX package
)
(C:\Users\orcha\AppData\Local\Programs\MiKTeX 2.9\tex/latex/psnfss\mathpazo.sty
Package: mathpazo 2020/03/25 PSNFSS-v9.3 Palatino w/ Pazo Math (D.Puga, WaS) 
\symupright=\mathgroup4
)
Package hyperref Info: Option `colorlinks' set `true' on input line 39.

(C:\Users\orcha\AppData\Local\Programs\MiKTeX 2.9\tex/latex/sectsty\sectsty.sty
Package: sectsty 2002/02/25 v2.0.2 Commands to change all sectional heading sty
les

LaTeX Warning: Command \underbar  has changed.
               Check if current package is valid.


LaTeX Warning: Command \underline  has changed.
               Check if current package is valid.

)
LaTeX Font Info:    Trying to load font information for T1+pplj on input line 8
0.
 (C:\Users\orcha\AppData\Local\Programs\MiKTeX 2.9\tex/latex/psnfss\t1pplj.fd
File: t1pplj.fd 2004/09/06 font definitions for T1/pplj.
)
(C:\Users\orcha\AppData\Local\Programs\MiKTeX 2.9\tex/latex/l3backend\l3backend
-pdftex.def
File: l3backend-pdftex.def 2021-08-04 L3 backend support: PDF output (pdfTeX)
\l__color_backend_stack_int=\count276
\l__pdf_internal_box=\box54
)
No file calgary_cover_cv.aux.
\openout1 = `calgary_cover_cv.aux'.

LaTeX Font Info:    Checking defaults for OML/cmm/m/it on input line 80.
LaTeX Font Info:    ... okay on input line 80.
LaTeX Font Info:    Checking defaults for OMS/cmsy/m/n on input line 80.
LaTeX Font Info:    ... okay on input line 80.
LaTeX Font Info:    Checking defaults for OT1/cmr/m/n on input line 80.
LaTeX Font Info:    ... okay on input line 80.
LaTeX Font Info:    Checking defaults for T1/cmr/m/n on input line 80.
LaTeX Font Info:    ... okay on input line 80.
LaTeX Font Info:    Checking defaults for TS1/cmr/m/n on input line 80.
LaTeX Font Info:    ... okay on input line 80.
LaTeX Font Info:    Checking defaults for OMX/cmex/m/n on input line 80.
LaTeX Font Info:    ... okay on input line 80.
LaTeX Font Info:    Checking defaults for U/cmr/m/n on input line 80.
LaTeX Font Info:    ... okay on input line 80.
LaTeX Font Info:    Checking defaults for PD1/pdf/m/n on input line 80.
LaTeX Font Info:    ... okay on input line 80.
LaTeX Font Info:    Checking defaults for PU/pdf/m/n on input line 80.
LaTeX Font Info:    ... okay on input line 80.
Package hyperref Info: Link coloring ON on input line 80.

(C:\Users\orcha\AppData\Local\Programs\MiKTeX 2.9\tex/latex/hyperref\nameref.st
y
Package: nameref 2021-04-02 v2.47 Cross-referencing by name of section

(C:\Users\orcha\AppData\Local\Programs\MiKTeX 2.9\tex/latex/refcount\refcount.s
ty
Package: refcount 2019/12/15 v3.6 Data extraction from label references (HO)
)
(C:\Users\orcha\AppData\Local\Programs\MiKTeX 2.9\tex/generic/gettitlestring\ge
ttitlestring.sty
Package: gettitlestring 2019/12/15 v1.6 Cleanup title references (HO)
)
\c@section@level=\count277
)
LaTeX Info: Redefining \ref on input line 80.
LaTeX Info: Redefining \pageref on input line 80.
LaTeX Info: Redefining \nameref on input line 80.
\@outlinefile=\write3
\openout3 = `calgary_cover_cv.out'.


*geometry* driver: auto-detecting
*geometry* detected driver: pdftex
*geometry* verbose mode - [ preamble ] result:
* driver: pdftex
* paper: <default>
* layout: <same size as paper>
* layoutoffset:(h,v)=(0.0pt,0.0pt)
* modes: 
* h-part:(L,W,R)=(72.26999pt, 469.75499pt, 72.27002pt)
* v-part:(T,H,B)=(90.3375pt, 614.295pt, 90.3375pt)
* \paperwidth=614.295pt
* \paperheight=794.96999pt
* \textwidth=469.75499pt
* \textheight=614.295pt
* \oddsidemargin=0.0pt
* \evensidemargin=0.0pt
* \topmargin=-18.9325pt
* \headheight=12.0pt
* \headsep=25.0pt
* \topskip=11.0pt
* \footskip=30.0pt
* \marginparwidth=59.0pt
* \marginparsep=10.0pt
* \columnsep=10.0pt
* \skip\footins=10.0pt plus 4.0pt minus 2.0pt
* \hoffset=0.0pt
* \voffset=0.0pt
* \mag=1000
* \@twocolumnfalse
* \@twosidefalse
* \@mparswitchfalse
* \@reversemarginfalse
* (1in=72.27pt=25.4mm, 1cm=28.453pt)


(C:\Users\orcha\AppData\Local\Programs\MiKTeX 2.9\tex/context/base/mkii\supp-pd
f.mkii
[Loading MPS to PDF converter (version 2006.09.02).]
\scratchcounter=\count278
\scratchdimen=\dimen167
\scratchbox=\box55
\nofMPsegments=\count279
\nofMParguments=\count280
\everyMPshowfont=\toks22
\MPscratchCnt=\count281
\MPscratchDim=\dimen168
\MPnumerator=\count282
\makeMPintoPDFobject=\count283
\everyMPtoPDFconversion=\toks23
)
(C:\Users\orcha\AppData\Local\Programs\MiKTeX 2.9\tex/latex/epstopdf-pkg\epstop
df-base.sty
Package: epstopdf-base 2020-01-24 v2.11 Base part for package epstopdf
Package epstopdf-base Info: Redefining graphics rule for `.eps' on input line 4
85.

(C:\Users\orcha\AppData\Local\Programs\MiKTeX 2.9\tex/latex/00miktex\epstopdf-s
ys.cfg
File: epstopdf-sys.cfg 2021/03/18 v2.0 Configuration of epstopdf for MiKTeX
))
(C:\Users\orcha\AppData\Local\Programs\MiKTeX 2.9\tex/latex/pdflscape\pdflscape
.sty
Package: pdflscape 2019/12/05 v0.12 Display of landscape pages in PDF (HO)

(C:\Users\orcha\AppData\Local\Programs\MiKTeX 2.9\tex/latex/graphics\lscape.sty
Package: lscape 2020/05/28 v3.02 Landscape Pages (DPC)
)
Package pdflscape Info: Auto-detected driver: pdftex on input line 81.
)
\big@size=\dimen169
 [1

{C:/Users/orcha/AppData/Local/MiKTeX/2.9/pdftex/config/pdftex.map}]
<coverletter_uCalgary.pdf, id=9, 614.295pt x 794.97pt>
File: coverletter_uCalgary.pdf Graphic file (type pdf)
<use coverletter_uCalgary.pdf>
Package pdftex.def Info: coverletter_uCalgary.pdf  used on input line 85.
(pdftex.def)             Requested size: 614.29349pt x 794.96806pt.
File: coverletter_uCalgary.pdf Graphic file (type pdf)
<use coverletter_uCalgary.pdf>
Package pdftex.def Info: coverletter_uCalgary.pdf  used on input line 85.
(pdftex.def)             Requested size: 614.29349pt x 794.96806pt.
<coverletter_uCalgary.pdf, id=12, page=1, 614.295pt x 794.97pt>
File: coverletter_uCalgary.pdf Graphic file (type pdf)
<use coverletter_uCalgary.pdf, page 1>
Package pdftex.def Info: coverletter_uCalgary.pdf , page1 used on input line 85
.
(pdftex.def)             Requested size: 614.29349pt x 794.96806pt.
File: coverletter_uCalgary.pdf Graphic file (type pdf)
<use coverletter_uCalgary.pdf, page 1>
Package pdftex.def Info: coverletter_uCalgary.pdf , page1 used on input line 85
.
(pdftex.def)             Requested size: 614.58406pt x 795.3441pt.
File: coverletter_uCalgary.pdf Graphic file (type pdf)
<use coverletter_uCalgary.pdf, page 1>
Package pdftex.def Info: coverletter_uCalgary.pdf , page1 used on input line 85
.
(pdftex.def)             Requested size: 614.58406pt x 795.3441pt.
File: coverletter_uCalgary.pdf Graphic file (type pdf)
<use coverletter_uCalgary.pdf, page 1>
Package pdftex.def Info: coverletter_uCalgary.pdf , page1 used on input line 85
.
(pdftex.def)             Requested size: 614.58406pt x 795.3441pt.
File: coverletter_uCalgary.pdf Graphic file (type pdf)
<use coverletter_uCalgary.pdf, page 1>
Package pdftex.def Info: coverletter_uCalgary.pdf , page1 used on input line 85
.
(pdftex.def)             Requested size: 614.58406pt x 795.3441pt.

[2 <./coverletter_uCalgary.pdf>]
<cv_JM_2021.pdf, id=42, 614.295pt x 794.97pt>
File: cv_JM_2021.pdf Graphic file (type pdf)
<use cv_JM_2021.pdf>
Package pdftex.def Info: cv_JM_2021.pdf  used on input line 86.
(pdftex.def)             Requested size: 614.29349pt x 794.96806pt.
File: cv_JM_2021.pdf Graphic file (type pdf)
<use cv_JM_2021.pdf>
Package pdftex.def Info: cv_JM_2021.pdf  used on input line 86.
(pdftex.def)             Requested size: 614.29349pt x 794.96806pt.
<cv_JM_2021.pdf, id=45, page=1, 614.295pt x 794.97pt>
File: cv_JM_2021.pdf Graphic file (type pdf)
<use cv_JM_2021.pdf, page 1>
Package pdftex.def Info: cv_JM_2021.pdf , page1 used on input line 86.
(pdftex.def)             Requested size: 614.29349pt x 794.96806pt.
File: cv_JM_2021.pdf Graphic file (type pdf)
<use cv_JM_2021.pdf, page 1>
Package pdftex.def Info: cv_JM_2021.pdf , page1 used on input line 86.
(pdftex.def)             Requested size: 614.58406pt x 795.3441pt.
File: cv_JM_2021.pdf Graphic file (type pdf)
<use cv_JM_2021.pdf, page 1>
Package pdftex.def Info: cv_JM_2021.pdf , page1 used on input line 86.
(pdftex.def)             Requested size: 614.58406pt x 795.3441pt.
File: cv_JM_2021.pdf Graphic file (type pdf)
<use cv_JM_2021.pdf, page 1>
Package pdftex.def Info: cv_JM_2021.pdf , page1 used on input line 86.
(pdftex.def)             Requested size: 614.58406pt x 795.3441pt.
File: cv_JM_2021.pdf Graphic file (type pdf)
<use cv_JM_2021.pdf, page 1>
Package pdftex.def Info: cv_JM_2021.pdf , page1 used on input line 86.
(pdftex.def)             Requested size: 614.58406pt x 795.3441pt.
 [3 <./cv_JM_2021.pdf>]
<cv_JM_2021.pdf, id=63, page=2, 614.295pt x 794.97pt>
File: cv_JM_2021.pdf Graphic file (type pdf)
<use cv_JM_2021.pdf, page 2>
Package pdftex.def Info: cv_JM_2021.pdf , page2 used on input line 86.
(pdftex.def)             Requested size: 614.58406pt x 795.3441pt.
File: cv_JM_2021.pdf Graphic file (type pdf)
<use cv_JM_2021.pdf, page 2>
Package pdftex.def Info: cv_JM_2021.pdf , page2 used on input line 86.
(pdftex.def)             Requested size: 614.58406pt x 795.3441pt.
File: cv_JM_2021.pdf Graphic file (type pdf)
<use cv_JM_2021.pdf, page 2>
Package pdftex.def Info: cv_JM_2021.pdf , page2 used on input line 86.
(pdftex.def)             Requested size: 614.58406pt x 795.3441pt.
 [4 <./cv_JM_2021.pdf>]
<cv_JM_2021.pdf, id=84, page=3, 614.295pt x 794.97pt>
File: cv_JM_2021.pdf Graphic file (type pdf)
<use cv_JM_2021.pdf, page 3>
Package pdftex.def Info: cv_JM_2021.pdf , page3 used on input line 86.
(pdftex.def)             Requested size: 614.58406pt x 795.3441pt.
File: cv_JM_2021.pdf Graphic file (type pdf)
<use cv_JM_2021.pdf, page 3>
Package pdftex.def Info: cv_JM_2021.pdf , page3 used on input line 86.
(pdftex.def)             Requested size: 614.58406pt x 795.3441pt.
File: cv_JM_2021.pdf Graphic file (type pdf)
<use cv_JM_2021.pdf, page 3>
Package pdftex.def Info: cv_JM_2021.pdf , page3 used on input line 86.
(pdftex.def)             Requested size: 614.58406pt x 795.3441pt.

[5 <./cv_JM_2021.pdf>]
<cv_JM_2021.pdf, id=89, page=4, 614.295pt x 794.97pt>
File: cv_JM_2021.pdf Graphic file (type pdf)
<use cv_JM_2021.pdf, page 4>
Package pdftex.def Info: cv_JM_2021.pdf , page4 used on input line 86.
(pdftex.def)             Requested size: 614.58406pt x 795.3441pt.
File: cv_JM_2021.pdf Graphic file (type pdf)
<use cv_JM_2021.pdf, page 4>
Package pdftex.def Info: cv_JM_2021.pdf , page4 used on input line 86.
(pdftex.def)             Requested size: 614.58406pt x 795.3441pt.
File: cv_JM_2021.pdf Graphic file (type pdf)
<use cv_JM_2021.pdf, page 4>
Package pdftex.def Info: cv_JM_2021.pdf , page4 used on input line 86.
(pdftex.def)             Requested size: 614.58406pt x 795.3441pt.
 [6 <./cv_JM_2021.pdf>] (calgary_cover_cv.aux)

Package rerunfilecheck Warning: File `calgary_cover_cv.out' has changed.
(rerunfilecheck)                Rerun to get outlines right
(rerunfilecheck)                or use package `bookmark'.

Package rerunfilecheck Info: Checksums for `calgary_cover_cv.out':
(rerunfilecheck)             Before: <no file>
(rerunfilecheck)             After:  D41D8CD98F00B204E9800998ECF8427E;0.
 ) 
Here is how much of TeX's memory you used:
 10065 strings out of 478834
 151290 string characters out of 2845283
 458691 words of memory out of 3000000
 27871 multiletter control sequences out of 15000+600000
 407987 words of font info for 33 fonts, out of 8000000 for 9000
 1141 hyphenation exceptions out of 8191
 72i,17n,80p,235b,450s stack positions out of 5000i,500n,10000p,200000b,80000s
{C:/Users/orcha/AppData/Local/Programs/MiKTeX 2.9/fonts/enc/dvips/base/8r.enc
}<C:/Users/orcha/AppData/Local/Programs/MiKTeX 2.9/fonts/type1/public/fpl/fplbj
8a.pfb><C:/Users/orcha/AppData/Local/Programs/MiKTeX 2.9/fonts/type1/public/fpl
/fplrc8a.pfb><C:/Users/orcha/AppData/Local/Programs/MiKTeX 2.9/fonts/type1/publ
ic/fpl/fplrij8a.pfb><C:/Users/orcha/AppData/Local/Programs/MiKTeX 2.9/fonts/typ
e1/urw/palatino/uplb8a.pfb><C:/Users/orcha/AppData/Local/Programs/MiKTeX 2.9/fo
nts/type1/urw/palatino/uplr8a.pfb><C:/Users/orcha/AppData/Local/Programs/MiKTeX
 2.9/fonts/type1/urw/palatino/uplri8a.pfb>
Output written on calgary_cover_cv.pdf (6 pages, 143435 bytes).
PDF statistics:
 108 PDF objects out of 1000 (max. 8388607)
 7 named destinations out of 1000 (max. 500000)
 56 words of extra memory for PDF output out of 10000 (max. 10000000)

